android/build/outputs/logs/manifest-merger-release-report.txt
-- Merging decision tree log ---
manifest
ADDED from src/main/AndroidManifest.xml:1:1-25:12
	package
		ADDED from src/main/AndroidManifest.xml:1:70-94
	xmlns:android
		ADDED from src/main/AndroidManifest.xml:1:11-69
uses-permission#android.permission.INTERNET
ADDED from src/main/AndroidManifest.xml:3:5-67
	android:name
		ADDED from src/main/AndroidManifest.xml:3:22-64
uses-permission#android.permission.SYSTEM_ALERT_WINDOW
ADDED from src/main/AndroidManifest.xml:4:5-77
	android:name
		ADDED from src/main/AndroidManifest.xml:4:22-75
application
ADDED from src/main/AndroidManifest.xml:6:5-23:19
	android:label
		ADDED from src/main/AndroidManifest.xml:8:7-39
	android:allowBackup
		ADDED from src/main/AndroidManifest.xml:10:7-34
	android:icon
		ADDED from src/main/AndroidManifest.xml:9:7-41
	android:theme
		ADDED from src/main/AndroidManifest.xml:11:7-38
	android:name
		ADDED from src/main/AndroidManifest.xml:7:7-38
activity#com.hiringtodo.MainActivity
ADDED from src/main/AndroidManifest.xml:12:7-21:18
	android:label
		ADDED from src/main/AndroidManifest.xml:14:9-41
	android:windowSoftInputMode
		ADDED from src/main/AndroidManifest.xml:16:9-51
	android:configChanges
		ADDED from src/main/AndroidManifest.xml:15:9-79
	android:name
		ADDED from src/main/AndroidManifest.xml:13:9-37
intent-filter#android.intent.action.MAIN+android.intent.category.LAUNCHER
ADDED from src/main/AndroidManifest.xml:17:9-20:25
action#android.intent.action.MAIN
ADDED from src/main/AndroidManifest.xml:18:13-65
	android:name
		ADDED from src/main/AndroidManifest.xml:18:21-62
category#android.intent.category.LAUNCHER
ADDED from src/main/AndroidManifest.xml:19:13-73
	android:name
		ADDED from src/main/AndroidManifest.xml:19:23-70
activity#com.facebook.react.devsupport.DevSettingsActivity
ADDED from src/main/AndroidManifest.xml:22:7-84
	android:name
		ADDED from src/main/AndroidManifest.xml:22:17-81